<?xml version="1.0" encoding="UTF-8"?>
<!-- Generated by org.testng.reporters.JUnitReportReporter -->
<testsuite hostname="MH30031711" name="Final" tests="1" failures="0" timestamp="3 May 2018 13:17:31 GMT" time="30.437" errors="0">
  <testcase name="testing" time="30.437" classname="Final"/>
</testsuite> <!-- Final -->
